<?xml version="1.0" encoding="UTF-8"?>
<robot generator="Robot 5.0.1 (Python 3.10.4 on win32)" generated="20220611 20:53:33.580" rpa="false" schemaversion="3">
<suite id="s1" name="Test2" source="C:\Users\sekar\PycharmProjects\Demo\Testcases\Test2.robot">
<test id="s1-t1" name="Open Application" line="11">
<kw name="Open Browser" library="SeleniumLibrary">
<arg>${URL}</arg>
<arg>${Browser}</arg>
<doc>Opens a new browser instance to the optional ``url``.</doc>
<msg timestamp="20220611 20:53:34.068" level="INFO">Opening browser 'Chrome' to base url 'https://thetestingworld.com/testings/'.</msg>
<status status="PASS" starttime="20220611 20:53:34.068" endtime="20220611 20:53:37.484"/>
</kw>
<kw name="Maximize Browser Window" library="SeleniumLibrary">
<doc>Maximizes current browser window.</doc>
<status status="PASS" starttime="20220611 20:53:37.492" endtime="20220611 20:53:37.620"/>
</kw>
<kw name="Input Text" library="SeleniumLibrary">
<arg>xpath://input[@name='fld_username']</arg>
<arg>sekar</arg>
<arg>clear: bool = True</arg>
<doc>Types the given ``text`` into the text field identified by ``locator``.</doc>
<msg timestamp="20220611 20:53:37.620" level="INFO">Typing text 'sekar' into text field 'xpath://input[@name='fld_username']'.</msg>
<status status="PASS" starttime="20220611 20:53:37.620" endtime="20220611 20:53:37.845"/>
</kw>
<kw name="Input Text" library="SeleniumLibrary">
<arg>fld_email</arg>
<arg>sekarb@gmail.com</arg>
<doc>Types the given ``text`` into the text field identified by ``locator``.</doc>
<msg timestamp="20220611 20:53:37.845" level="INFO">Typing text 'sekarb@gmail.com' into text field 'fld_email'.</msg>
<status status="PASS" starttime="20220611 20:53:37.845" endtime="20220611 20:53:37.989"/>
</kw>
<kw name="Select Radio Button" library="SeleniumLibrary">
<arg>add_type</arg>
<arg>home</arg>
<doc>Sets the radio button group ``group_name`` to ``value``.</doc>
<msg timestamp="20220611 20:53:37.997" level="INFO">Selecting 'home' from radio button 'add_type'.</msg>
<status status="PASS" starttime="20220611 20:53:37.997" endtime="20220611 20:53:38.077"/>
</kw>
<status status="PASS" starttime="20220611 20:53:34.068" endtime="20220611 20:53:38.077"/>
</test>
<status status="PASS" starttime="20220611 20:53:33.588" endtime="20220611 20:53:38.085"/>
</suite>
<statistics>
<total>
<stat pass="1" fail="0" skip="0">All Tests</stat>
</total>
<tag>
</tag>
<suite>
<stat pass="1" fail="0" skip="0" id="s1" name="Test2">Test2</stat>
</suite>
</statistics>
<errors>
</errors>
</robot>
